Determining if the pthread_create exist failed with the following output:
Change Dir: /home/j_banaszewski/git/MTF/build/CMakeFiles/CMakeTmp

Run Build Command:"/usr/bin/make" "cmTryCompileExec2048760473/fast"
make[1]: Wejście do katalogu '/home/j_banaszewski/git/MTF/build/CMakeFiles/CMakeTmp'
/usr/bin/make -f CMakeFiles/cmTryCompileExec2048760473.dir/build.make CMakeFiles/cmTryCompileExec2048760473.dir/build
make[2]: Wejście do katalogu '/home/j_banaszewski/git/MTF/build/CMakeFiles/CMakeTmp'
/usr/local/bin/cmake -E cmake_progress_report /home/j_banaszewski/git/MTF/build/CMakeFiles/CMakeTmp/CMakeFiles 1
Building C object CMakeFiles/cmTryCompileExec2048760473.dir/CheckSymbolExists.c.o
/usr/bin/cc    -o CMakeFiles/cmTryCompileExec2048760473.dir/CheckSymbolExists.c.o   -c /home/j_banaszewski/git/MTF/build/CMakeFiles/CMakeTmp/CheckSymbolExists.c
Linking C executable cmTryCompileExec2048760473
/usr/local/bin/cmake -E cmake_link_script CMakeFiles/cmTryCompileExec2048760473.dir/link.txt --verbose=1
/usr/bin/cc      CMakeFiles/cmTryCompileExec2048760473.dir/CheckSymbolExists.c.o  -o cmTryCompileExec2048760473 -rdynamic 
CMakeFiles/cmTryCompileExec2048760473.dir/CheckSymbolExists.c.o: In function `main':
CheckSymbolExists.c:(.text+0x16): undefined reference to `pthread_create'
collect2: error: ld returned 1 exit status
CMakeFiles/cmTryCompileExec2048760473.dir/build.make:88: polecenia dla obiektu 'cmTryCompileExec2048760473' nie powiodły się
make[2]: Opuszczenie katalogu '/home/j_banaszewski/git/MTF/build/CMakeFiles/CMakeTmp'
make[2]: *** [cmTryCompileExec2048760473] Błąd 1
Makefile:118: polecenia dla obiektu 'cmTryCompileExec2048760473/fast' nie powiodły się
make[1]: Opuszczenie katalogu '/home/j_banaszewski/git/MTF/build/CMakeFiles/CMakeTmp'
make[1]: *** [cmTryCompileExec2048760473/fast] Błąd 2

File /home/j_banaszewski/git/MTF/build/CMakeFiles/CMakeTmp/CheckSymbolExists.c:
/* */
#include <pthread.h>

int main(int argc, char** argv)
{
  (void)argv;
#ifndef pthread_create
  return ((int*)(&pthread_create))[argc];
#else
  (void)argc;
  return 0;
#endif
}

Determining if the function pthread_create exists in the pthreads failed with the following output:
Change Dir: /home/j_banaszewski/git/MTF/build/CMakeFiles/CMakeTmp

Run Build Command:"/usr/bin/make" "cmTryCompileExec3410509249/fast"
make[1]: Wejście do katalogu '/home/j_banaszewski/git/MTF/build/CMakeFiles/CMakeTmp'
/usr/bin/make -f CMakeFiles/cmTryCompileExec3410509249.dir/build.make CMakeFiles/cmTryCompileExec3410509249.dir/build
make[2]: Wejście do katalogu '/home/j_banaszewski/git/MTF/build/CMakeFiles/CMakeTmp'
/usr/local/bin/cmake -E cmake_progress_report /home/j_banaszewski/git/MTF/build/CMakeFiles/CMakeTmp/CMakeFiles 1
Building C object CMakeFiles/cmTryCompileExec3410509249.dir/CheckFunctionExists.c.o
/usr/bin/cc   -DCHECK_FUNCTION_EXISTS=pthread_create   -o CMakeFiles/cmTryCompileExec3410509249.dir/CheckFunctionExists.c.o   -c /usr/local/share/cmake-3.1/Modules/CheckFunctionExists.c
Linking C executable cmTryCompileExec3410509249
/usr/local/bin/cmake -E cmake_link_script CMakeFiles/cmTryCompileExec3410509249.dir/link.txt --verbose=1
/usr/bin/cc   -DCHECK_FUNCTION_EXISTS=pthread_create   CMakeFiles/cmTryCompileExec3410509249.dir/CheckFunctionExists.c.o  -o cmTryCompileExec3410509249 -rdynamic -lpthreads 
/usr/lib64/gcc/x86_64-suse-linux/4.8/../../../../x86_64-suse-linux/bin/ld: cannot find -lpthreads
collect2: error: ld returned 1 exit status
CMakeFiles/cmTryCompileExec3410509249.dir/build.make:88: polecenia dla obiektu 'cmTryCompileExec3410509249' nie powiodły się
make[2]: Opuszczenie katalogu '/home/j_banaszewski/git/MTF/build/CMakeFiles/CMakeTmp'
make[2]: *** [cmTryCompileExec3410509249] Błąd 1
Makefile:118: polecenia dla obiektu 'cmTryCompileExec3410509249/fast' nie powiodły się
make[1]: *** [cmTryCompileExec3410509249/fast] Błąd 2
make[1]: Opuszczenie katalogu '/home/j_banaszewski/git/MTF/build/CMakeFiles/CMakeTmp'


